<?xml version="1.0" encoding="UTF-8"?>
<!-- Generated by org.testng.reporters.JUnitReportReporter -->
<testsuite hostname="DESKTOP-BPCSJES" failures="0" tests="1" name="responsevalidations2.AuthenticationTypes" time="10.168" errors="0" timestamp="2022-05-16T10:10:32 IST" skipped="0">
  <testcase classname="responsevalidations2.AuthenticationTypes" name="testBearTokenAuthentication" time="10.168"/>
  <system-out/>
</testsuite> <!-- responsevalidations2.AuthenticationTypes -->
