<?xml version="1.0" encoding="UTF-8"?>
<!-- Generated by org.testng.reporters.JUnitReportReporter -->
<testsuite hostname="DESKTOP-BPCSJES" failures="0" tests="1" name="responsevalidations2.Logging" time="7.361" errors="0" timestamp="2022-05-13T13:37:21 IST" skipped="0">
  <testcase classname="responsevalidations2.Logging" name="testLogging1" time="7.361"/>
  <system-out/>
</testsuite> <!-- responsevalidations2.Logging -->
