<?xml version="1.0" encoding="UTF-8"?>
<!-- Generated by org.testng.reporters.JUnitReportReporter -->
<testsuite hostname="DESKTOP-BPCSJES" failures="0" tests="1" name="fakeAPITests.DELETE_Request" time="4.219" errors="0" timestamp="2022-05-09T16:39:36 IST" skipped="0">
  <testcase classname="fakeAPITests.DELETE_Request" name="deleteUser" time="4.219"/>
  <system-out/>
</testsuite> <!-- fakeAPITests.DELETE_Request -->
