<?xml version="1.0" encoding="UTF-8"?>
<!-- Generated by org.testng.reporters.JUnitReportReporter -->
<testsuite hostname="DESKTOP-BPCSJES" failures="0" tests="1" name="responsevalidations2.ExtractResponseinDiffWays" time="4.934" errors="0" timestamp="2022-05-10T23:21:43 IST" skipped="0">
  <testcase classname="responsevalidations2.ExtractResponseinDiffWays" name="testResponse" time="4.934"/>
  <system-out/>
</testsuite> <!-- responsevalidations2.ExtractResponseinDiffWays -->
