<?xml version="1.0" encoding="UTF-8"?>
<!-- Generated by org.testng.reporters.JUnitReportReporter -->
<testsuite hostname="DESKTOP-BPCSJES" failures="0" tests="1" name="fakeAPITests.GET_Request" time="7.078" errors="0" timestamp="2022-05-09T16:23:27 IST" skipped="0">
  <testcase classname="fakeAPITests.GET_Request" name="getSingleuserData" time="7.078"/>
  <system-out/>
</testsuite> <!-- fakeAPITests.GET_Request -->
