<?xml version="1.0" encoding="UTF-8"?>
<!-- Generated by org.testng.reporters.JUnitReportReporter -->
<testsuite hostname="DESKTOP-BPCSJES" failures="0" tests="3" name="responsevalidations.ValidationsonJSON" time="6.429" errors="0" timestamp="2022-05-10T14:52:47 IST" skipped="0">
  <testcase classname="responsevalidations.ValidationsonJSON" name="sampleRequest" time="4.666"/>
  <system-out/>
  <testcase classname="responsevalidations.ValidationsonJSON" name="checkJSONdata" time="1.690"/>
  <system-out/>
  <testcase classname="responsevalidations.ValidationsonJSON" name="passingParameters" time="0.073"/>
  <system-out/>
</testsuite> <!-- responsevalidations.ValidationsonJSON -->
