<?xml version="1.0" encoding="UTF-8"?>
<!-- Generated by org.testng.reporters.JUnitReportReporter -->
<testsuite hostname="DESKTOP-BPCSJES" failures="0" tests="1" name="fakeAPITests.POST_Request" time="8.636" errors="0" timestamp="2022-05-09T16:34:31 IST" skipped="0">
  <testcase classname="fakeAPITests.POST_Request" name="postUser" time="8.636"/>
  <system-out/>
</testsuite> <!-- fakeAPITests.POST_Request -->
