<?xml version="1.0" encoding="UTF-8"?>
<!-- Generated by org.testng.reporters.JUnitReportReporter -->
<testsuite hostname="DESKTOP-BPCSJES" failures="0" tests="1" name="BookingAPITest" time="8.257" errors="0" timestamp="2022-05-18T21:44:37 IST" skipped="0">
  <testcase classname="BookingAPITest" name="bookingAPI" time="8.257"/>
  <system-out/>
</testsuite> <!-- BookingAPITest -->
