<?xml version="1.0" encoding="UTF-8"?>
<!-- Generated by org.testng.reporters.JUnitReportReporter -->
<testsuite hostname="DESKTOP-BPCSJES" failures="0" tests="1" name="responsevalidations2.Headers" time="4.997" errors="0" timestamp="2022-03-22T21:17:47 IST" skipped="0">
  <testcase classname="responsevalidations2.Headers" name="gogolePlaceAPI" time="4.997"/>
  <system-out/>
</testsuite> <!-- responsevalidations2.Headers -->
