<?xml version="1.0" encoding="UTF-8"?>
<!-- Generated by org.testng.reporters.JUnitReportReporter -->
<testsuite hostname="DESKTOP-BPCSJES" failures="0" tests="1" name="fakeAPITests.PUT_Request" time="7.114" errors="0" timestamp="2022-05-09T16:37:42 IST" skipped="0">
  <testcase classname="fakeAPITests.PUT_Request" name="putUser" time="7.114"/>
  <system-out/>
</testsuite> <!-- fakeAPITests.PUT_Request -->
