<?xml version="1.0" encoding="UTF-8"?>
<!-- Generated by org.testng.reporters.JUnitReportReporter -->
<testsuite hostname="DESKTOP-BPCSJES" failures="0" tests="5" name="responsevalidations.ValidationsonXML" time="8.074" errors="0" timestamp="2022-05-10T15:11:41 IST" skipped="0">
  <testcase classname="responsevalidations.ValidationsonXML" name="sampleRequest" time="5.509"/>
  <system-out/>
  <testcase classname="responsevalidations.ValidationsonXML" name="testMultipleContents" time="0.635"/>
  <system-out/>
  <testcase classname="responsevalidations.ValidationsonXML" name="testMultipleContentsinSingleShot" time="0.780"/>
  <system-out/>
  <testcase classname="responsevalidations.ValidationsonXML" name="testUsingXPath" time="0.631"/>
  <system-out/>
  <testcase classname="responsevalidations.ValidationsonXML" name="testUsingXPath2" time="0.519"/>
  <system-out/>
</testsuite> <!-- responsevalidations.ValidationsonXML -->
