<?xml version="1.0" encoding="UTF-8"?>
<!-- Generated by org.testng.reporters.JUnitReportReporter -->
<testsuite hostname="DESKTOP-BPCSJES" failures="0" tests="1" name="responsevalidations2.ParametersDemo" time="13.430" errors="0" timestamp="2022-05-13T13:28:34 IST" skipped="0">
  <testcase classname="responsevalidations2.ParametersDemo" name="testParams" time="13.430"/>
  <system-out/>
</testsuite> <!-- responsevalidations2.ParametersDemo -->
