<?xml version="1.0" encoding="UTF-8"?>
<!-- Generated by org.testng.reporters.JUnitReportReporter -->
<testsuite hostname="DESKTOP-BPCSJES" failures="0" tests="1" name="fakeAPITests.PostRequest" time="6.260" errors="0" timestamp="2022-05-18T18:45:48 IST" skipped="0">
  <testcase classname="fakeAPITests.PostRequest" name="createBooking" time="6.260"/>
  <system-out/>
</testsuite> <!-- fakeAPITests.PostRequest -->
